<?xml version="1.0" encoding="UTF-8" ?>
<testsuite tests="10" failures="0" name="com.codemanship.marsrover.RoverTest" time="0.006" errors="0" skipped="0">
  <properties>
[...]
</properties>
  <testcase classname="com.codemanship.marsrover.RoverTest" name="turnRightEtoS" time="0.004"/>
  <testcase classname="com.codemanship.marsrover.RoverTest" name="turnRightNtoE" time="0"/>
  <testcase classname="com.codemanship.marsrover.RoverTest" name="turnRightStoW" time="0"/>
  <testcase classname="com.codemanship.marsrover.RoverTest" name="turnRightWtoN" time="0"/>
  <testcase classname="com.codemanship.marsrover.RoverTest" name="executesSequenceOfInstructions" time="0.001"/>
  <testcase classname="com.codemanship.marsrover.RoverTest" name="moveBackFacingE" time="0"/>
  <testcase classname="com.codemanship.marsrover.RoverTest" name="moveBackFacingS" time="0"/>
  <testcase classname="com.codemanship.marsrover.RoverTest" name="moveBackFacingW" time="0.001"/>
  <testcase classname="com.codemanship.marsrover.RoverTest" name="turnLeftNtoW" time="0"/>
  <testcase classname="com.codemanship.marsrover.RoverTest" name="turnLeftWtoS" time="0"/>
</testsuite>