<?xml version="1.0" encoding="UTF-8"?>
<testsuite xmlns:xsi="http://www.w3.org/2001/XMLSchema-instance" xsi:noNamespaceSchemaLocation="https://maven.apache.org/surefire/maven-surefire-plugin/xsd/surefire-test-report-3.0.xsd" version="3.0" name="com.codemanship.marsrover.RoverTest" time="0.097" tests="17" errors="0" skipped="0" failures="0">
  <properties>
[...]
</properties>
  <testcase name="turnRightEtoS" classname="com.codemanship.marsrover.RoverTest" time="0.007"/>
  <testcase name="turnRightNtoE" classname="com.codemanship.marsrover.RoverTest" time="0.0"/>
  <testcase name="turnRightStoW" classname="com.codemanship.marsrover.RoverTest" time="0.0"/>
  <testcase name="turnRightWtoN" classname="com.codemanship.marsrover.RoverTest" time="0.0"/>
  <testcase name="executesSequenceOfInstructions" classname="com.codemanship.marsrover.RoverTest" time="0.0"/>
  <testcase name="moveBackFacingE" classname="com.codemanship.marsrover.RoverTest" time="0.0"/>
  <testcase name="moveBackFacingN" classname="com.codemanship.marsrover.RoverTest" time="0.0"/>
  <testcase name="moveBackFacingS" classname="com.codemanship.marsrover.RoverTest" time="0.001"/>
  <testcase name="moveBackFacingW" classname="com.codemanship.marsrover.RoverTest" time="0.0"/>
  <testcase name="moveForwardFacingE" classname="com.codemanship.marsrover.RoverTest" time="0.001"/>
  <testcase name="moveForwardFacingN" classname="com.codemanship.marsrover.RoverTest" time="0.0"/>
  <testcase name="moveForwardFacingS" classname="com.codemanship.marsrover.RoverTest" time="0.0"/>
  <testcase name="moveForwardFacingW" classname="com.codemanship.marsrover.RoverTest" time="0.0"/>
  <testcase name="turnLeftEtoN" classname="com.codemanship.marsrover.RoverTest" time="0.0"/>
  <testcase name="turnLeftNtoW" classname="com.codemanship.marsrover.RoverTest" time="0.002"/>
  <testcase name="turnLeftStoE" classname="com.codemanship.marsrover.RoverTest" time="0.001"/>
  <testcase name="turnLeftWtoS" classname="com.codemanship.marsrover.RoverTest" time="0.0"/>
</testsuite>